Using pre-set license
Built from '2020.3/staging' branch; Version is '2020.3.33f1 (915a7af8b0d5) revision 9525882'; Using compiler version '192528614'; Build Type 'Release'
OS: 'Windows 10  (10.0.19044) 64bit Professional' Language: 'it' Physical Memory: 16343 MB
BatchMode: 1, IsHumanControllingUs: 0, StartBugReporterOnCrash: 0, Is64bit: 1, IsPro: 0

COMMAND LINE ARGUMENTS:
D:\Unity\2020.3.33f1\Editor\Unity.exe
-adb2
-batchMode
-noUpm
-name
AssetImportWorker0
-projectPath
D:/GitHub/GameJamDBGA14.10/GameJamDBGA/GameJamGame
-logFile
Logs/AssetImportWorker0.log
-srvPort
56846
Successfully changed project path to: D:/GitHub/GameJamDBGA14.10/GameJamDBGA/GameJamGame
D:/GitHub/GameJamDBGA14.10/GameJamDBGA/GameJamGame
Using Asset Import Pipeline V2.
Refreshing native plugins compatible for Editor in 45.93 ms, found 3 plugins.
Preloading 0 native plugins for Editor in 0.00 ms.
Initialize engine version: 2020.3.33f1 (915a7af8b0d5)
[Subsystems] Discovering subsystems at path D:/Unity/2020.3.33f1/Editor/Data/Resources/UnitySubsystems
[Subsystems] Discovering subsystems at path D:/GitHub/GameJamDBGA14.10/GameJamDBGA/GameJamGame/Assets
GfxDevice: creating device client; threaded=0
Direct3D:
    Version:  Direct3D 11.0 [level 11.1]
    Renderer: NVIDIA GeForce GTX 1060 6GB (ID=0x1c03)
    Vendor:   
    VRAM:     6052 MB
    Driver:   30.0.15.1215
Initialize mono
Mono path[0] = 'D:/Unity/2020.3.33f1/Editor/Data/Managed'
Mono path[1] = 'D:/Unity/2020.3.33f1/Editor/Data/MonoBleedingEdge/lib/mono/unityjit'
Mono config path = 'D:/Unity/2020.3.33f1/Editor/Data/MonoBleedingEdge/etc'
Using monoOptions --debugger-agent=transport=dt_socket,embedding=1,server=y,suspend=n,address=127.0.0.1:56224
Begin MonoManager ReloadAssembly
Registering precompiled unity dll's ...
Register platform support module: D:/Unity/2020.3.33f1/Editor/Data/PlaybackEngines/WindowsStandaloneSupport/UnityEditor.WindowsStandalone.Extensions.dll
Registered in 0.001080 seconds.
Native extension for WindowsStandalone target not found
Refreshing native plugins compatible for Editor in 53.49 ms, found 3 plugins.
Preloading 0 native plugins for Editor in 0.00 ms.
Mono: successfully reloaded assembly
- Completed reload, in  0.699 seconds
Domain Reload Profiling:
	ReloadAssembly (700ms)
		BeginReloadAssembly (75ms)
			ExecutionOrderSort (0ms)
			DisableScriptedObjects (0ms)
			BackupInstance (0ms)
			ReleaseScriptingObjects (0ms)
			CreateAndSetChildDomain (1ms)
		EndReloadAssembly (556ms)
			LoadAssemblies (74ms)
			RebuildTransferFunctionScriptingTraits (0ms)
			SetupTypeCache (180ms)
			ReleaseScriptCaches (0ms)
			RebuildScriptCaches (31ms)
			SetupLoadedEditorAssemblies (199ms)
				LogAssemblyErrors (0ms)
				InitializePlatformSupportModulesInManaged (4ms)
				SetLoadedEditorAssemblies (0ms)
				RefreshPlugins (54ms)
				BeforeProcessingInitializeOnLoad (17ms)
				ProcessInitializeOnLoadAttributes (94ms)
				ProcessInitializeOnLoadMethodAttributes (29ms)
				AfterProcessingInitializeOnLoad (0ms)
				EditorAssembliesLoaded (0ms)
			ExecutionOrderSort2 (0ms)
			AwakeInstancesAfterBackupRestoration (0ms)
Platform modules already initialized, skipping
Registering precompiled user dll's ...
Registered in 0.002383 seconds.
Begin MonoManager ReloadAssembly
Symbol file LoadedFromMemory doesn't match image D:\GitHub\GameJamDBGA14.10\GameJamDBGA\GameJamGame\Library\PackageCache\com.unity.collab-proxy@1.15.15\Lib\Editor\PlasticSCM\unityplastic.dll
Native extension for WindowsStandalone target not found
Refreshing native plugins compatible for Editor in 46.98 ms, found 3 plugins.
Preloading 0 native plugins for Editor in 0.00 ms.
Mono: successfully reloaded assembly
- Completed reload, in  1.133 seconds
Domain Reload Profiling:
	ReloadAssembly (1134ms)
		BeginReloadAssembly (175ms)
			ExecutionOrderSort (0ms)
			DisableScriptedObjects (5ms)
			BackupInstance (0ms)
			ReleaseScriptingObjects (0ms)
			CreateAndSetChildDomain (19ms)
		EndReloadAssembly (905ms)
			LoadAssemblies (100ms)
			RebuildTransferFunctionScriptingTraits (0ms)
			SetupTypeCache (298ms)
			ReleaseScriptCaches (0ms)
			RebuildScriptCaches (49ms)
			SetupLoadedEditorAssemblies (352ms)
				LogAssemblyErrors (0ms)
				InitializePlatformSupportModulesInManaged (3ms)
				SetLoadedEditorAssemblies (0ms)
				RefreshPlugins (47ms)
				BeforeProcessingInitializeOnLoad (81ms)
				ProcessInitializeOnLoadAttributes (201ms)
				ProcessInitializeOnLoadMethodAttributes (16ms)
				AfterProcessingInitializeOnLoad (3ms)
				EditorAssembliesLoaded (0ms)
			ExecutionOrderSort2 (0ms)
			AwakeInstancesAfterBackupRestoration (6ms)
Platform modules already initialized, skipping
========================================================================
Worker process is ready to serve import requests
Launched and connected shader compiler UnityShaderCompiler.exe after 0.07 seconds
Refreshing native plugins compatible for Editor in 0.49 ms, found 3 plugins.
Preloading 0 native plugins for Editor in 0.00 ms.
Unloading 2203 Unused Serialized files (Serialized files now loaded: 0)
System memory in use before: 97.1 MB.
System memory in use after: 97.1 MB.

Unloading 31 unused Assets to reduce memory usage. Loaded Objects now: 2634.
Total: 2.640500 ms (FindLiveObjects: 0.144800 ms CreateObjectMapping: 0.091800 ms MarkObjects: 2.277000 ms  DeleteObjects: 0.125900 ms)

AssetImportParameters requested are different than current active one (requested -> active):
  custom:framework-win-MediaFoundation: 216162199b28c13a410421893ffa2e32 -> 
  custom:video-decoder-ogg-theora: a1e56fd34408186e4bbccfd4996cb3dc -> 
  custom:container-muxer-webm: aa71ff27fc2769a1b78a27578f13a17b -> 
  custom:container-demuxer-webm: 4f35f7cbe854078d1ac9338744f61a02 -> 
  custom:container-demuxer-ogg: 62fdf1f143b41e24485cea50d1cbac27 -> 
  custom:video-encoder-webm-vp8: eb34c28f22e8b96e1ab97ce403110664 -> 
  custom:video-decoder-webm-vp8: 9c59270c3fd7afecdb556c50c9e8de78 -> 
  custom:audio-decoder-ogg-vorbis: bf7c407c2cedff20999df2af8eb42d56 -> 
  custom:audio-encoder-webm-vorbis: bf7c407c2cedff20999df2af8eb42d56 -> 
========================================================================
Received Import Request.
  path: ProjectSettings/TagManager.asset
  artifactKey: Guid(00000000000000003000000000000000) Importer(815301076,1909f56bfc062723c751e8b465ee728b)
Start importing ProjectSettings/TagManager.asset using Guid(00000000000000003000000000000000) Importer(815301076,1909f56bfc062723c751e8b465ee728b)  -> (artifact id: '95df672b4aaba54310d34c83eef51bb8') in 0.043860 seconds 
========================================================================
Received Import Request.
  Time since last request: 0.000206 seconds.
  path: Assets/Prefab/Pipes/AllOpenPipe.prefab
  artifactKey: Guid(10cbf1dcd171b1e44b4dcc346bef2f49) Importer(815301076,1909f56bfc062723c751e8b465ee728b)
Start importing Assets/Prefab/Pipes/AllOpenPipe.prefab using Guid(10cbf1dcd171b1e44b4dcc346bef2f49) Importer(815301076,1909f56bfc062723c751e8b465ee728b)  -> (artifact id: 'fb3f99832a8f94813db88d2cd14eaf5a') in 0.074963 seconds 
========================================================================
Received Import Request.
  Time since last request: 4.825766 seconds.
  path: Assets/Prefab/Pipes/AllOpenPipe.prefab
  artifactKey: Guid(10cbf1dcd171b1e44b4dcc346bef2f49) Importer(815301076,1909f56bfc062723c751e8b465ee728b)
Start importing Assets/Prefab/Pipes/AllOpenPipe.prefab using Guid(10cbf1dcd171b1e44b4dcc346bef2f49) Importer(815301076,1909f56bfc062723c751e8b465ee728b)  -> (artifact id: 'dd56efccc231d452c8031001a99bb8f5') in 0.012675 seconds 
========================================================================
Received Import Request.
  Time since last request: 0.000339 seconds.
  path: Assets/Prefab/Pipes/UpDownPipe.prefab
  artifactKey: Guid(82e32b66b84a27541b5f2ce160933b90) Importer(815301076,1909f56bfc062723c751e8b465ee728b)
Start importing Assets/Prefab/Pipes/UpDownPipe.prefab using Guid(82e32b66b84a27541b5f2ce160933b90) Importer(815301076,1909f56bfc062723c751e8b465ee728b)  -> (artifact id: '8dc87c990a1b274f3f3fc194d17bd75f') in 0.015856 seconds 
========================================================================
Received Import Request.
  Time since last request: 0.000237 seconds.
  path: Assets/Prefab/Pipes/RightLeftUpPipe.prefab
  artifactKey: Guid(bee1d3f3bec25264ab4336d57d2b478c) Importer(815301076,1909f56bfc062723c751e8b465ee728b)
Start importing Assets/Prefab/Pipes/RightLeftUpPipe.prefab using Guid(bee1d3f3bec25264ab4336d57d2b478c) Importer(815301076,1909f56bfc062723c751e8b465ee728b)  -> (artifact id: '99dae1acf2bcb89d906a9ab791985bb1') in 0.018483 seconds 
========================================================================
Received Import Request.
  Time since last request: 0.000319 seconds.
  path: Assets/Prefab/Pipes/RightDownPipe.prefab
  artifactKey: Guid(775cabe649ed8e14a83864e44dde742f) Importer(815301076,1909f56bfc062723c751e8b465ee728b)
Start importing Assets/Prefab/Pipes/RightDownPipe.prefab using Guid(775cabe649ed8e14a83864e44dde742f) Importer(815301076,1909f56bfc062723c751e8b465ee728b)  -> (artifact id: 'bd1f9d1b09caaa435bfd1f5514b94e26') in 0.018869 seconds 
========================================================================
Received Import Request.
  Time since last request: 0.000494 seconds.
  path: Assets/Prefab/Pipes/RightLeftDownPipe.prefab
  artifactKey: Guid(3dda426038516b945a9763053c0dff1f) Importer(815301076,1909f56bfc062723c751e8b465ee728b)
Start importing Assets/Prefab/Pipes/RightLeftDownPipe.prefab using Guid(3dda426038516b945a9763053c0dff1f) Importer(815301076,1909f56bfc062723c751e8b465ee728b)  -> (artifact id: '3c78c278b7960e8e06ce7ead4ad6297a') in 0.015360 seconds 
========================================================================
Received Import Request.
  Time since last request: 0.000178 seconds.
  path: Assets/Prefab/Pipes/LeftUpDownPipe.prefab
  artifactKey: Guid(c72837a140b430d498fba87ffc81985c) Importer(815301076,1909f56bfc062723c751e8b465ee728b)
Start importing Assets/Prefab/Pipes/LeftUpDownPipe.prefab using Guid(c72837a140b430d498fba87ffc81985c) Importer(815301076,1909f56bfc062723c751e8b465ee728b)  -> (artifact id: '1e4c2bf16b67d5cc478822a262a4312d') in 0.016557 seconds 
========================================================================
Received Import Request.
  Time since last request: 0.000175 seconds.
  path: Assets/Prefab/Pipes/RightLeftPipe.prefab
  artifactKey: Guid(0409fe65b67cae245af5eed5ca69dd6a) Importer(815301076,1909f56bfc062723c751e8b465ee728b)
Start importing Assets/Prefab/Pipes/RightLeftPipe.prefab using Guid(0409fe65b67cae245af5eed5ca69dd6a) Importer(815301076,1909f56bfc062723c751e8b465ee728b)  -> (artifact id: '25d00bd8e06b87488d99b963c3f5f9fa') in 0.019379 seconds 
========================================================================
Received Import Request.
  Time since last request: 0.000085 seconds.
  path: Assets/Prefab/Pipes/RightUpPipe.prefab
  artifactKey: Guid(10bb2d05b90676c48b0138c7ee5fd234) Importer(815301076,1909f56bfc062723c751e8b465ee728b)
Start importing Assets/Prefab/Pipes/RightUpPipe.prefab using Guid(10bb2d05b90676c48b0138c7ee5fd234) Importer(815301076,1909f56bfc062723c751e8b465ee728b)  -> (artifact id: '4390f2691ae1a2240a9c3cf6ef978db8') in 0.020823 seconds 
========================================================================
Received Import Request.
  Time since last request: 0.000184 seconds.
  path: Assets/Prefab/Pipes/RightUpDownPipe.prefab
  artifactKey: Guid(b455bb7617bebdb47917555b7858e993) Importer(815301076,1909f56bfc062723c751e8b465ee728b)
Start importing Assets/Prefab/Pipes/RightUpDownPipe.prefab using Guid(b455bb7617bebdb47917555b7858e993) Importer(815301076,1909f56bfc062723c751e8b465ee728b)  -> (artifact id: '9299fea0093ed2dc51c5fb4f72b60701') in 0.018667 seconds 
========================================================================
Received Import Request.
  Time since last request: 0.000218 seconds.
  path: Assets/Prefab/Pipes/LeftDownPipe.prefab
  artifactKey: Guid(7c0276c2090750a4683986b1f19a0729) Importer(815301076,1909f56bfc062723c751e8b465ee728b)
Start importing Assets/Prefab/Pipes/LeftDownPipe.prefab using Guid(7c0276c2090750a4683986b1f19a0729) Importer(815301076,1909f56bfc062723c751e8b465ee728b)  -> (artifact id: 'b65fe1b04461bc5f980caf89412d54be') in 0.016706 seconds 
========================================================================
Received Import Request.
  Time since last request: 0.000183 seconds.
  path: Assets/Prefab/Pipes/LeftUpPipe.prefab
  artifactKey: Guid(6d78760309321874b86bfcfaaa05e4ec) Importer(815301076,1909f56bfc062723c751e8b465ee728b)
Start importing Assets/Prefab/Pipes/LeftUpPipe.prefab using Guid(6d78760309321874b86bfcfaaa05e4ec) Importer(815301076,1909f56bfc062723c751e8b465ee728b)  -> (artifact id: 'c7f82454cc6c7ab28c150fbc057ce463') in 0.010594 seconds 
========================================================================
Received Import Request.
  Time since last request: 304.258935 seconds.
  path: Assets/Scenes/SampleScene.unity
  artifactKey: Guid(2cda990e2423bbf4892e6590ba056729) Importer(815301076,1909f56bfc062723c751e8b465ee728b)
Start importing Assets/Scenes/SampleScene.unity using Guid(2cda990e2423bbf4892e6590ba056729) Importer(815301076,1909f56bfc062723c751e8b465ee728b)  -> (artifact id: 'ba75c813ddf9380e29afc162175cbee7') in 0.011895 seconds 
========================================================================
Received Import Request.
  Time since last request: 367.179042 seconds.
  path: Assets/Scenes/Menu.unity
  artifactKey: Guid(69a48f0f3ded6d140b351ba39fbdb593) Importer(815301076,1909f56bfc062723c751e8b465ee728b)
Start importing Assets/Scenes/Menu.unity using Guid(69a48f0f3ded6d140b351ba39fbdb593) Importer(815301076,1909f56bfc062723c751e8b465ee728b)  -> (artifact id: '5f56e3788e84db12194418f3bddf8348') in 0.006579 seconds 
AssetImportWorkerClient::OnTransportError - code=2 error=End of file
